0 info it worked if it ends with ok
1 verbose cli [ '/usr/local/Cellar/node/0.10.5/bin/node',
1 verbose cli   '/usr/local/bin/npm',
1 verbose cli   'install',
1 verbose cli   'grunt-contrib-less' ]
2 info using npm@1.2.18
3 info using node@v0.10.5
4 verbose read json /Users/romkey/src/AQEApp/package.json
5 error Error: Invalid name: "Air Quality Egg App"
5 error     at validName (/usr/local/Cellar/node/0.10.5/lib/node_modules/npm/node_modules/read-package-json/read-json.js:550:40)
5 error     at final (/usr/local/Cellar/node/0.10.5/lib/node_modules/npm/node_modules/read-package-json/read-json.js:321:27)
5 error     at /usr/local/Cellar/node/0.10.5/lib/node_modules/npm/node_modules/read-package-json/read-json.js:139:33
5 error     at cb (/usr/local/Cellar/node/0.10.5/lib/node_modules/npm/node_modules/slide/lib/async-map.js:48:11)
5 error     at /usr/local/Cellar/node/0.10.5/lib/node_modules/npm/node_modules/read-package-json/read-json.js:251:40
5 error     at fs.js:266:14
5 error     at Object.oncomplete (fs.js:107:15)
6 error If you need help, you may report this log at:
6 error     <http://github.com/isaacs/npm/issues>
6 error or email it to:
6 error     <npm-@googlegroups.com>
7 error System Darwin 12.4.0
8 error command "/usr/local/Cellar/node/0.10.5/bin/node" "/usr/local/bin/npm" "install" "grunt-contrib-less"
9 error cwd /Users/romkey/src/AQEApp/img
10 error node -v v0.10.5
11 error npm -v 1.2.18
12 verbose exit [ 1, true ]
